<?xml version="1.0" encoding="UTF-8" ?>
<testsuite tests="18" failures="0" name="step_definitions.RunCukesTest" time="2.928" errors="0" skipped="0">
  <properties>
[...]
</properties>
  <testcase classname="Scenario: User do click the Find Locations button" name="Given User already on NSW website" time="0.008"/>
  <testcase classname="Scenario: User do click the Find Locations button" name="When User click the Find Locations button" time="0"/>
  <testcase classname="Scenario: User do click the Find Locations button" name="Then User will direct to Find a Service NSW location page" time="0"/>
  <testcase classname="Scenario: User do click the Find Locations button" name="Scenario: User do click the Find Locations button" time="0.979"/>
  <testcase classname="| Sydney 2000 | Marrickville Service Centre |" name="Given User already on NSW website" time="0"/>
  <testcase classname="| Sydney 2000 | Marrickville Service Centre |" name="When User click the Find Locations button" time="0"/>
  <testcase classname="| Sydney 2000 | Marrickville Service Centre |" name="Then User will direct to Find a Service NSW location page" time="0"/>
  <testcase classname="| Sydney 2000 | Marrickville Service Centre |" name="When User enters &quot;Sydney 2000&quot; in the search input" time="0"/>
  <testcase classname="| Sydney 2000 | Marrickville Service Centre |" name="And User clicks the search button" time="0"/>
  <testcase classname="| Sydney 2000 | Marrickville Service Centre |" name="Then User should see &quot;Marrickville Service Centre&quot; in the search result list" time="0"/>
  <testcase classname="| Sydney 2000 | Marrickville Service Centre |" name="| Sydney 2000 | Marrickville Service Centre |" time="1.044"/>
  <testcase classname="| Sydney Domestic Airport 2020 | Rockdale Service Centre |" name="Given User already on NSW website" time="0"/>
  <testcase classname="| Sydney Domestic Airport 2020 | Rockdale Service Centre |" name="When User click the Find Locations button" time="0"/>
  <testcase classname="| Sydney Domestic Airport 2020 | Rockdale Service Centre |" name="Then User will direct to Find a Service NSW location page" time="0"/>
  <testcase classname="| Sydney Domestic Airport 2020 | Rockdale Service Centre |" name="When User enters &quot;Sydney Domestic Airport 2020&quot; in the search input" time="0"/>
  <testcase classname="| Sydney Domestic Airport 2020 | Rockdale Service Centre |" name="And User clicks the search button" time="0"/>
  <testcase classname="| Sydney Domestic Airport 2020 | Rockdale Service Centre |" name="Then User should see &quot;Rockdale Service Centre&quot; in the search result list" time="0"/>
  <testcase classname="| Sydney Domestic Airport 2020 | Rockdale Service Centre |" name="| Sydney Domestic Airport 2020 | Rockdale Service Centre |" time="0.897"/>
</testsuite>